{
  "RSpec": {
    "coverage": {
      "/Users/pmn/code/personal/reality-sports-proxy/lib/v1/resources/game_summary.rb": [
        1,
        1,
        null,
        1,
        1,
        1,
        1,
        1,
        1,
        null,
        1,
        null,
        null,
        null,
        8,
        null,
        null,
        null,
        null,
        null,
        null
      ],
      "/Users/pmn/code/personal/reality-sports-proxy/lib/v1/resources/resource_controller.rb": [
        1,
        null,
        1,
        1,
        1,
        null,
        1,
        4,
        null,
        null,
        1,
        2,
        null,
        null,
        1,
        2,
        2,
        2,
        2,
        10,
        null,
        null,
        null,
        null,
        null,
        1,
        0,
        null,
        null
      ],
      "/Users/pmn/code/personal/reality-sports-proxy/lib/v1/requests/game_summary.rb": [
        1,
        1,
        null,
        1,
        1,
        null,
        1,
        1,
        1,
        1,
        1,
        1,
        null,
        1,
        8,
        null,
        8,
        null,
        null,
        1,
        8,
        null,
        null,
        null,
        null,
        null,
        null,
        null
      ],
      "/Users/pmn/code/personal/reality-sports-proxy/lib/v1/requests/base.rb": [
        1,
        1,
        null,
        1,
        1,
        1,
        1,
        1,
        1,
        null,
        1,
        1,
        null,
        1,
        10,
        null,
        null,
        1,
        null,
        1,
        null,
        1,
        10,
        230,
        20,
        20,
        null,
        null,
        null,
        10,
        null,
        null,
        null,
        10,
        null,
        null,
        1,
        10,
        null,
        10,
        10,
        null,
        10,
        null,
        null,
        null,
        null,
        null,
        null
      ],
      "/Users/pmn/code/personal/reality-sports-proxy/lib/v1/models/game_summary.rb": [
        1,
        1,
        null,
        1,
        1,
        1,
        1,
        1,
        1,
        1,
        null,
        1,
        1,
        8,
        null,
        8,
        8,
        null,
        null,
        8,
        null,
        null,
        8,
        null,
        null,
        8,
        null,
        null,
        null,
        null,
        null,
        null,
        null,
        null,
        null
      ],
      "/Users/pmn/code/personal/reality-sports-proxy/lib/v1/models/base.rb": [
        null,
        null,
        1,
        null,
        1,
        1,
        1,
        1,
        null,
        1,
        1,
        0,
        null,
        0,
        null,
        null,
        null,
        1,
        null,
        1,
        1,
        null,
        1,
        604,
        null,
        null,
        1,
        572,
        null,
        null,
        1,
        572,
        null,
        null,
        1,
        1,
        26,
        null,
        null,
        null,
        null,
        null,
        26,
        null,
        null,
        null,
        null,
        null,
        null,
        null,
        null,
        null,
        null,
        1,
        0,
        null,
        null,
        null,
        null,
        null,
        null,
        null,
        1,
        null,
        1,
        null,
        null,
        null,
        null,
        null
      ],
      "/Users/pmn/code/personal/reality-sports-proxy/lib/v1/models/game_team_detail.rb": [
        1,
        1,
        1,
        null,
        1,
        1,
        1,
        1,
        1,
        1,
        1,
        1,
        1,
        null,
        1,
        16,
        null,
        null,
        null,
        null,
        null,
        16,
        48,
        null,
        272,
        null,
        240,
        null,
        null,
        null,
        1,
        1,
        16,
        null,
        16,
        16,
        null,
        null,
        null,
        16,
        null,
        null,
        null,
        16,
        null,
        16,
        null,
        null,
        null,
        null,
        null,
        1,
        20,
        null,
        20,
        20,
        null,
        null,
        null,
        20,
        null,
        null,
        null,
        null,
        null,
        null,
        null,
        null,
        null
      ],
      "/Users/pmn/code/personal/reality-sports-proxy/lib/v1/models/game_team_summary.rb": [
        1,
        null,
        1,
        1,
        1,
        1,
        1,
        1,
        1,
        1,
        1,
        1,
        null,
        null,
        1,
        1,
        16,
        null,
        16,
        16,
        null,
        null,
        null,
        16,
        null,
        null,
        null,
        16,
        null,
        null,
        null,
        16,
        null,
        null,
        null,
        16,
        null,
        null,
        null,
        null,
        null,
        1,
        20,
        null,
        20,
        20,
        null,
        null,
        null,
        null,
        null,
        null,
        null,
        null
      ],
      "/Users/pmn/code/personal/reality-sports-proxy/lib/v1/models/game_player_score.rb": [
        1,
        1,
        null,
        1,
        1,
        1,
        1,
        1,
        1,
        1,
        1,
        1,
        1,
        1,
        1,
        null,
        1,
        272,
        304,
        null,
        null,
        1,
        1,
        272,
        null,
        272,
        null,
        240,
        null,
        240,
        null,
        null,
        240,
        null,
        null,
        240,
        null,
        null,
        240,
        null,
        null,
        240,
        null,
        null,
        null,
        null,
        null,
        null,
        null,
        null,
        null
      ],
      "/Users/pmn/code/personal/reality-sports-proxy/lib/v1/models/game_status.rb": [
        1,
        null,
        1,
        1,
        1,
        1,
        1,
        1,
        1,
        1,
        1,
        null,
        1,
        1,
        240,
        null,
        240,
        null,
        240,
        null,
        240,
        240,
        240,
        null,
        240,
        208,
        null,
        32,
        null,
        null,
        null,
        null,
        null,
        null,
        null,
        null,
        null
      ],
      "/Users/pmn/code/personal/reality-sports-proxy/lib/v1/resources/league_scoreboard.rb": [
        1,
        1,
        null,
        1,
        1,
        1,
        1,
        1,
        1,
        null,
        1,
        null,
        null,
        null,
        2,
        null,
        null,
        null,
        null,
        null,
        null
      ],
      "/Users/pmn/code/personal/reality-sports-proxy/lib/v1/requests/league_scoreboard.rb": [
        1,
        1,
        null,
        1,
        1,
        null,
        1,
        1,
        1,
        1,
        1,
        1,
        null,
        1,
        2,
        null,
        2,
        null,
        null,
        1,
        2,
        null,
        null,
        null,
        null,
        null,
        null,
        null
      ],
      "/Users/pmn/code/personal/reality-sports-proxy/lib/v1/models/league_scoreboard.rb": [
        1,
        1,
        null,
        1,
        1,
        1,
        1,
        1,
        1,
        1,
        null,
        1,
        1,
        2,
        null,
        2,
        2,
        null,
        null,
        null,
        2,
        null,
        10,
        null,
        null,
        null,
        null,
        null,
        null,
        null,
        null
      ],
      "/Users/pmn/code/personal/reality-sports-proxy/lib/v1/models/box_score.rb": [
        1,
        1,
        null,
        1,
        1,
        1,
        1,
        1,
        1,
        1,
        null,
        1,
        1,
        10,
        null,
        10,
        null,
        10,
        10,
        null,
        null,
        10,
        null,
        null,
        null,
        null,
        null,
        null,
        null,
        null,
        null
      ]
    },
    "timestamp": 1443018574
  }
}
